Set platform to 'v4', using directory 'C:\Windows\Microsoft.NET\Framework\v4.0.30319' for mscorlib.dll
Set platform to 'v2', using directory 'C:\Windows\Microsoft.NET\Framework\v4.0.30319' for mscorlib.dll
Running on Microsoft (R) .NET Framework v4.0.30319
mscorlib.dll version = 4.0.0.0
The list of input assemblies is:
	C:\Users\fyhr\Desktop\repositories\CHAOS.Portal.Authentication\src\app\CHAOS.Portal.Authentication.EmailPassword\bin\Release\CHAOS.Portal.Authentication.EmailPassword.dll
	C:\Users\fyhr\Desktop\repositories\CHAOS.Portal.Authentication\src\app\CHAOS.Portal.Authentication.EmailPassword.Data\bin\Release\CHAOS.Portal.Authentication.EmailPassword.Data.dll
	C:\Users\fyhr\Desktop\repositories\CHAOS.Portal.Authentication\src\app\CHAOS.Portal.Authentication.Exception\bin\Release\CHAOS.Portal.Authentication.Exception.dll
	C:\Users\fyhr\Desktop\repositories\CHAOS.Portal.Authentication\src\app\CHAOS.Portal.Authentication.SecureCookie.Data\bin\Release\CHAOS.Portal.Authentication.SecureCookie.Data.dll
	C:\Users\fyhr\Desktop\repositories\CHAOS.Portal.Authentication\src\app\CHAOS.Portal.Authentication.SecureCookie\bin\Release\CHAOS.Portal.Authentication.SecureCookie.dll
Trying to read assembly from the file 'C:\Users\fyhr\Desktop\repositories\CHAOS.Portal.Authentication\src\app\CHAOS.Portal.Authentication.EmailPassword\bin\Release\CHAOS.Portal.Authentication.EmailPassword.dll'.
	Successfully read in assembly.
	There were no errors reported in CHAOS.Portal.Authentication.EmailPassword's metadata.
Trying to read assembly from the file 'C:\Users\fyhr\Desktop\repositories\CHAOS.Portal.Authentication\src\app\CHAOS.Portal.Authentication.EmailPassword.Data\bin\Release\CHAOS.Portal.Authentication.EmailPassword.Data.dll'.
	Successfully read in assembly.
	There were no errors reported in CHAOS.Portal.Authentication.EmailPassword.Data's metadata.
Trying to read assembly from the file 'C:\Users\fyhr\Desktop\repositories\CHAOS.Portal.Authentication\src\app\CHAOS.Portal.Authentication.Exception\bin\Release\CHAOS.Portal.Authentication.Exception.dll'.
	Successfully read in assembly.
	There were no errors reported in CHAOS.Portal.Authentication.Exception's metadata.
Trying to read assembly from the file 'C:\Users\fyhr\Desktop\repositories\CHAOS.Portal.Authentication\src\app\CHAOS.Portal.Authentication.SecureCookie.Data\bin\Release\CHAOS.Portal.Authentication.SecureCookie.Data.dll'.
	Successfully read in assembly.
	There were no errors reported in CHAOS.Portal.Authentication.SecureCookie.Data's metadata.
Trying to read assembly from the file 'C:\Users\fyhr\Desktop\repositories\CHAOS.Portal.Authentication\src\app\CHAOS.Portal.Authentication.SecureCookie\bin\Release\CHAOS.Portal.Authentication.SecureCookie.dll'.
	Successfully read in assembly.
	There were no errors reported in CHAOS.Portal.Authentication.SecureCookie's metadata.
Checking to see that all of the input assemblies have a compatible PeKind.
	CHAOS.Portal.Authentication.EmailPassword.PeKind = ILonly
	CHAOS.Portal.Authentication.EmailPassword.Data.PeKind = ILonly
	CHAOS.Portal.Authentication.Exception.PeKind = ILonly
	CHAOS.Portal.Authentication.SecureCookie.Data.PeKind = ILonly
	CHAOS.Portal.Authentication.SecureCookie.PeKind = ILonly
All input assemblies have a compatible PeKind value.
AssemblyResolver: Assembly 'CHAOS.Portal.Authentication.EmailPassword' is referencing assembly 'Portal'.
	AssemblyResolver: Attempting referencing assembly's directory.
Resolved assembly reference 'Portal' to 'C:\Users\fyhr\Desktop\repositories\CHAOS.Portal.Authentication\src\app\CHAOS.Portal.Authentication.EmailPassword\bin\Release\Portal.dll'. (Used referencing Module's directory.)
AssemblyResolver: Assembly 'CHAOS.Portal.Authentication.EmailPassword' is referencing assembly 'System.Xml'.
	AssemblyResolver: Attempting referencing assembly's directory.
	AssemblyResolver: Did not find assembly in referencing assembly's directory.
	AssemblyResolver: Attempting input directory.
	AssemblyResolver: Did not find assembly in input directory.
	AssemblyResolver: Attempting user-supplied directories.
	AssemblyResolver: No user-supplied directories.
	AssemblyResolver: Attempting framework directory.
Resolved assembly reference 'System.Xml' to 'C:\Windows\Microsoft.NET\Framework\v4.0.30319\System.Xml.dll'. (Used framework directory.)
AssemblyResolver: Assembly 'CHAOS.Portal.Authentication.EmailPassword.Data' is referencing assembly 'System.Data.Entity'.
	AssemblyResolver: Attempting referencing assembly's directory.
	AssemblyResolver: Did not find assembly in referencing assembly's directory.
	AssemblyResolver: Attempting input directory.
	AssemblyResolver: Did not find assembly in input directory.
	AssemblyResolver: Attempting user-supplied directories.
	AssemblyResolver: No user-supplied directories.
	AssemblyResolver: Attempting framework directory.
Resolved assembly reference 'System.Data.Entity' to 'C:\Windows\Microsoft.NET\Framework\v4.0.30319\System.Data.Entity.dll'. (Used framework directory.)
AssemblyResolver: Assembly 'CHAOS.Portal.Authentication.EmailPassword' is referencing assembly 'System.Xml.Linq'.
	AssemblyResolver: Attempting referencing assembly's directory.
	AssemblyResolver: Did not find assembly in referencing assembly's directory.
	AssemblyResolver: Attempting input directory.
	AssemblyResolver: Did not find assembly in input directory.
	AssemblyResolver: Attempting user-supplied directories.
	AssemblyResolver: No user-supplied directories.
	AssemblyResolver: Attempting framework directory.
Resolved assembly reference 'System.Xml.Linq' to 'C:\Windows\Microsoft.NET\Framework\v4.0.30319\System.Xml.Linq.dll'. (Used framework directory.)
AssemblyResolver: Assembly 'System.Data.Entity' is referencing assembly 'System.Core'.
	AssemblyResolver: Attempting referencing assembly's directory.
Resolved assembly reference 'System.Core' to 'C:\Windows\Microsoft.NET\Framework\v4.0.30319\System.Core.dll'. (Used referencing Module's directory.)
AssemblyResolver: Assembly 'System.Data.Entity' is referencing assembly 'System.Data'.
	AssemblyResolver: Attempting referencing assembly's directory.
Resolved assembly reference 'System.Data' to 'C:\Windows\Microsoft.NET\Framework\v4.0.30319\System.Data.dll'. (Used referencing Module's directory.)
AssemblyResolver: Assembly 'CHAOS.Portal.Authentication.EmailPassword.Data' is referencing assembly 'System.Runtime.Serialization'.
	AssemblyResolver: Attempting referencing assembly's directory.
	AssemblyResolver: Did not find assembly in referencing assembly's directory.
	AssemblyResolver: Attempting input directory.
	AssemblyResolver: Did not find assembly in input directory.
	AssemblyResolver: Attempting user-supplied directories.
	AssemblyResolver: No user-supplied directories.
	AssemblyResolver: Attempting framework directory.
Resolved assembly reference 'System.Runtime.Serialization' to 'C:\Windows\Microsoft.NET\Framework\v4.0.30319\System.Runtime.Serialization.dll'. (Used framework directory.)
AssemblyResolver: Assembly 'CHAOS.Portal.Authentication.SecureCookie.Data' is referencing assembly 'CHAOS'.
	AssemblyResolver: Attempting referencing assembly's directory.
Resolved assembly reference 'CHAOS' to 'C:\Users\fyhr\Desktop\repositories\CHAOS.Portal.Authentication\src\app\CHAOS.Portal.Authentication.SecureCookie.Data\bin\Release\CHAOS.dll'. (Used referencing Module's directory.)
Using assembly 'CHAOS.Portal.Authentication.EmailPassword' for assembly-level attributes for the target assembly.
Merging assembly 'CHAOS.Portal.Authentication.EmailPassword' into target assembly.
Merging assembly 'CHAOS.Portal.Authentication.EmailPassword.Data' into target assembly.
Merging assembly 'CHAOS.Portal.Authentication.Exception' into target assembly.
Merging assembly 'CHAOS.Portal.Authentication.SecureCookie.Data' into target assembly.
Merging assembly 'CHAOS.Portal.Authentication.SecureCookie' into target assembly.
Copying 1 Win32 Resources from assembly 'CHAOS.Portal.Authentication.EmailPassword' into target assembly.
	There were no errors reported in the target assembly's metadata.
ILMerge: Writing target assembly 'C:\Users\fyhr\Desktop\repositories\CHAOS.Portal.Authentication\build\CHAOS.Portal.Authentication.dll'.
AssemblyResolver: Assembly 'System.Xml' is referencing assembly 'System.Data.SqlXml'.
	AssemblyResolver: Attempting referencing assembly's directory.
Resolved assembly reference 'System.Data.SqlXml' to 'C:\Windows\Microsoft.NET\Framework\v4.0.30319\System.Data.SqlXml.dll'. (Used referencing Module's directory.)
AssemblyResolver: Assembly 'CHAOS.Portal.Authentication.EmailPassword' is referencing assembly 'System.Web'.
	AssemblyResolver: Attempting referencing assembly's directory.
	AssemblyResolver: Did not find assembly in referencing assembly's directory.
	AssemblyResolver: Attempting input directory.
	AssemblyResolver: Did not find assembly in input directory.
	AssemblyResolver: Attempting user-supplied directories.
	AssemblyResolver: No user-supplied directories.
	AssemblyResolver: Attempting framework directory.
Resolved assembly reference 'System.Web' to 'C:\Windows\Microsoft.NET\Framework\v4.0.30319\System.Web.dll'. (Used framework directory.)
AssemblyResolver: Assembly 'System.Data.Entity' is referencing assembly 'System.Transactions'.
	AssemblyResolver: Attempting referencing assembly's directory.
Resolved assembly reference 'System.Transactions' to 'C:\Windows\Microsoft.NET\Framework\v4.0.30319\System.Transactions.dll'. (Used referencing Module's directory.)
Location for referenced assembly 'Portal' is 'C:\Users\fyhr\Desktop\repositories\CHAOS.Portal.Authentication\src\app\CHAOS.Portal.Authentication.EmailPassword\bin\Release\Portal.dll'
	There were no errors reported in  Portal's metadata.
Location for referenced assembly 'System' is 'C:\Windows\Microsoft.NET\Framework\v4.0.30319\system.dll'
	There were no errors reported in  System's metadata.
Location for referenced assembly 'System.Xml' is 'C:\Windows\Microsoft.NET\Framework\v4.0.30319\System.Xml.dll'
	There were no errors reported in  System.Xml's metadata.
Location for referenced assembly 'mscorlib' is 'C:\Windows\Microsoft.NET\Framework\v4.0.30319\mscorlib.dll'
	There were no errors reported in  mscorlib's metadata.
Location for referenced assembly 'System.Xml.Linq' is 'C:\Windows\Microsoft.NET\Framework\v4.0.30319\System.Xml.Linq.dll'
	There were no errors reported in  System.Xml.Linq's metadata.
Location for referenced assembly 'System.Data.Entity' is 'C:\Windows\Microsoft.NET\Framework\v4.0.30319\System.Data.Entity.dll'
	There were no errors reported in  System.Data.Entity's metadata.
Location for referenced assembly 'System.Core' is 'C:\Windows\Microsoft.NET\Framework\v4.0.30319\System.Core.dll'
	There were no errors reported in  System.Core's metadata.
Location for referenced assembly 'CHAOS' is 'C:\Users\fyhr\Desktop\repositories\CHAOS.Portal.Authentication\src\app\CHAOS.Portal.Authentication.SecureCookie.Data\bin\Release\CHAOS.dll'
	There were no errors reported in  CHAOS's metadata.
Location for referenced assembly 'System.Web' is 'C:\Windows\Microsoft.NET\Framework\v4.0.30319\System.Web.dll'
	There were no errors reported in  System.Web's metadata.
Location for referenced assembly 'System.Runtime.Serialization' is 'C:\Windows\Microsoft.NET\Framework\v4.0.30319\System.Runtime.Serialization.dll'
	There were no errors reported in  System.Runtime.Serialization's metadata.
ILMerge: Done.
Set platform to 'v4', using directory 'C:\Windows\Microsoft.NET\Framework\v4.0.30319' for mscorlib.dll
Set platform to 'v2', using directory 'C:\Windows\Microsoft.NET\Framework\v4.0.30319' for mscorlib.dll
Running on Microsoft (R) .NET Framework v4.0.30319
mscorlib.dll version = 4.0.0.0
The list of input assemblies is:
	C:\Users\fyhr\Desktop\repositories\CHAOS.Portal.Authentication\src\app\CHAOS.Portal.Authentication.EmailPassword\bin\Release\CHAOS.Portal.Authentication.EmailPassword.dll
	C:\Users\fyhr\Desktop\repositories\CHAOS.Portal.Authentication\src\app\CHAOS.Portal.Authentication.EmailPassword.Data\bin\Release\CHAOS.Portal.Authentication.EmailPassword.Data.dll
	C:\Users\fyhr\Desktop\repositories\CHAOS.Portal.Authentication\src\app\CHAOS.Portal.Authentication.Exception\bin\Release\CHAOS.Portal.Authentication.Exception.dll
	C:\Users\fyhr\Desktop\repositories\CHAOS.Portal.Authentication\src\app\CHAOS.Portal.Authentication.SecureCookie.Data\bin\Release\CHAOS.Portal.Authentication.SecureCookie.Data.dll
	C:\Users\fyhr\Desktop\repositories\CHAOS.Portal.Authentication\src\app\CHAOS.Portal.Authentication.SecureCookie\bin\Release\CHAOS.Portal.Authentication.SecureCookie.dll
Trying to read assembly from the file 'C:\Users\fyhr\Desktop\repositories\CHAOS.Portal.Authentication\src\app\CHAOS.Portal.Authentication.EmailPassword\bin\Release\CHAOS.Portal.Authentication.EmailPassword.dll'.
	Successfully read in assembly.
	There were no errors reported in CHAOS.Portal.Authentication.EmailPassword's metadata.
Trying to read assembly from the file 'C:\Users\fyhr\Desktop\repositories\CHAOS.Portal.Authentication\src\app\CHAOS.Portal.Authentication.EmailPassword.Data\bin\Release\CHAOS.Portal.Authentication.EmailPassword.Data.dll'.
	Successfully read in assembly.
	There were no errors reported in CHAOS.Portal.Authentication.EmailPassword.Data's metadata.
Trying to read assembly from the file 'C:\Users\fyhr\Desktop\repositories\CHAOS.Portal.Authentication\src\app\CHAOS.Portal.Authentication.Exception\bin\Release\CHAOS.Portal.Authentication.Exception.dll'.
	Successfully read in assembly.
	There were no errors reported in CHAOS.Portal.Authentication.Exception's metadata.
Trying to read assembly from the file 'C:\Users\fyhr\Desktop\repositories\CHAOS.Portal.Authentication\src\app\CHAOS.Portal.Authentication.SecureCookie.Data\bin\Release\CHAOS.Portal.Authentication.SecureCookie.Data.dll'.
	Successfully read in assembly.
	There were no errors reported in CHAOS.Portal.Authentication.SecureCookie.Data's metadata.
Trying to read assembly from the file 'C:\Users\fyhr\Desktop\repositories\CHAOS.Portal.Authentication\src\app\CHAOS.Portal.Authentication.SecureCookie\bin\Release\CHAOS.Portal.Authentication.SecureCookie.dll'.
	Successfully read in assembly.
	There were no errors reported in CHAOS.Portal.Authentication.SecureCookie's metadata.
Checking to see that all of the input assemblies have a compatible PeKind.
	CHAOS.Portal.Authentication.EmailPassword.PeKind = ILonly
	CHAOS.Portal.Authentication.EmailPassword.Data.PeKind = ILonly
	CHAOS.Portal.Authentication.Exception.PeKind = ILonly
	CHAOS.Portal.Authentication.SecureCookie.Data.PeKind = ILonly
	CHAOS.Portal.Authentication.SecureCookie.PeKind = ILonly
All input assemblies have a compatible PeKind value.
AssemblyResolver: Assembly 'CHAOS.Portal.Authentication.EmailPassword' is referencing assembly 'Portal'.
	AssemblyResolver: Attempting referencing assembly's directory.
Resolved assembly reference 'Portal' to 'C:\Users\fyhr\Desktop\repositories\CHAOS.Portal.Authentication\src\app\CHAOS.Portal.Authentication.EmailPassword\bin\Release\Portal.dll'. (Used referencing Module's directory.)
AssemblyResolver: Assembly 'CHAOS.Portal.Authentication.EmailPassword' is referencing assembly 'System.Xml'.
	AssemblyResolver: Attempting referencing assembly's directory.
	AssemblyResolver: Did not find assembly in referencing assembly's directory.
	AssemblyResolver: Attempting input directory.
	AssemblyResolver: Did not find assembly in input directory.
	AssemblyResolver: Attempting user-supplied directories.
	AssemblyResolver: No user-supplied directories.
	AssemblyResolver: Attempting framework directory.
Resolved assembly reference 'System.Xml' to 'C:\Windows\Microsoft.NET\Framework\v4.0.30319\System.Xml.dll'. (Used framework directory.)
AssemblyResolver: Assembly 'CHAOS.Portal.Authentication.EmailPassword.Data' is referencing assembly 'System.Data.Entity'.
	AssemblyResolver: Attempting referencing assembly's directory.
	AssemblyResolver: Did not find assembly in referencing assembly's directory.
	AssemblyResolver: Attempting input directory.
	AssemblyResolver: Did not find assembly in input directory.
	AssemblyResolver: Attempting user-supplied directories.
	AssemblyResolver: No user-supplied directories.
	AssemblyResolver: Attempting framework directory.
Resolved assembly reference 'System.Data.Entity' to 'C:\Windows\Microsoft.NET\Framework\v4.0.30319\System.Data.Entity.dll'. (Used framework directory.)
AssemblyResolver: Assembly 'CHAOS.Portal.Authentication.EmailPassword' is referencing assembly 'System.Xml.Linq'.
	AssemblyResolver: Attempting referencing assembly's directory.
	AssemblyResolver: Did not find assembly in referencing assembly's directory.
	AssemblyResolver: Attempting input directory.
	AssemblyResolver: Did not find assembly in input directory.
	AssemblyResolver: Attempting user-supplied directories.
	AssemblyResolver: No user-supplied directories.
	AssemblyResolver: Attempting framework directory.
Resolved assembly reference 'System.Xml.Linq' to 'C:\Windows\Microsoft.NET\Framework\v4.0.30319\System.Xml.Linq.dll'. (Used framework directory.)
AssemblyResolver: Assembly 'System.Data.Entity' is referencing assembly 'System.Core'.
	AssemblyResolver: Attempting referencing assembly's directory.
Resolved assembly reference 'System.Core' to 'C:\Windows\Microsoft.NET\Framework\v4.0.30319\System.Core.dll'. (Used referencing Module's directory.)
AssemblyResolver: Assembly 'System.Data.Entity' is referencing assembly 'System.Data'.
	AssemblyResolver: Attempting referencing assembly's directory.
Resolved assembly reference 'System.Data' to 'C:\Windows\Microsoft.NET\Framework\v4.0.30319\System.Data.dll'. (Used referencing Module's directory.)
AssemblyResolver: Assembly 'CHAOS.Portal.Authentication.EmailPassword.Data' is referencing assembly 'System.Runtime.Serialization'.
	AssemblyResolver: Attempting referencing assembly's directory.
	AssemblyResolver: Did not find assembly in referencing assembly's directory.
	AssemblyResolver: Attempting input directory.
	AssemblyResolver: Did not find assembly in input directory.
	AssemblyResolver: Attempting user-supplied directories.
	AssemblyResolver: No user-supplied directories.
	AssemblyResolver: Attempting framework directory.
Resolved assembly reference 'System.Runtime.Serialization' to 'C:\Windows\Microsoft.NET\Framework\v4.0.30319\System.Runtime.Serialization.dll'. (Used framework directory.)
AssemblyResolver: Assembly 'CHAOS.Portal.Authentication.SecureCookie.Data' is referencing assembly 'CHAOS'.
	AssemblyResolver: Attempting referencing assembly's directory.
Resolved assembly reference 'CHAOS' to 'C:\Users\fyhr\Desktop\repositories\CHAOS.Portal.Authentication\src\app\CHAOS.Portal.Authentication.SecureCookie.Data\bin\Release\CHAOS.dll'. (Used referencing Module's directory.)
Using assembly 'CHAOS.Portal.Authentication.EmailPassword' for assembly-level attributes for the target assembly.
Merging assembly 'CHAOS.Portal.Authentication.EmailPassword' into target assembly.
Merging assembly 'CHAOS.Portal.Authentication.EmailPassword.Data' into target assembly.
Merging assembly 'CHAOS.Portal.Authentication.Exception' into target assembly.
Merging assembly 'CHAOS.Portal.Authentication.SecureCookie.Data' into target assembly.
Merging assembly 'CHAOS.Portal.Authentication.SecureCookie' into target assembly.
Copying 1 Win32 Resources from assembly 'CHAOS.Portal.Authentication.EmailPassword' into target assembly.
	There were no errors reported in the target assembly's metadata.
ILMerge: Writing target assembly 'C:\Users\fyhr\Desktop\repositories\CHAOS.Portal.Authentication\build\CHAOS.Portal.Authentication.dll'.
AssemblyResolver: Assembly 'System.Xml' is referencing assembly 'System.Data.SqlXml'.
	AssemblyResolver: Attempting referencing assembly's directory.
Resolved assembly reference 'System.Data.SqlXml' to 'C:\Windows\Microsoft.NET\Framework\v4.0.30319\System.Data.SqlXml.dll'. (Used referencing Module's directory.)
AssemblyResolver: Assembly 'CHAOS.Portal.Authentication.EmailPassword' is referencing assembly 'System.Web'.
	AssemblyResolver: Attempting referencing assembly's directory.
	AssemblyResolver: Did not find assembly in referencing assembly's directory.
	AssemblyResolver: Attempting input directory.
	AssemblyResolver: Did not find assembly in input directory.
	AssemblyResolver: Attempting user-supplied directories.
	AssemblyResolver: No user-supplied directories.
	AssemblyResolver: Attempting framework directory.
Resolved assembly reference 'System.Web' to 'C:\Windows\Microsoft.NET\Framework\v4.0.30319\System.Web.dll'. (Used framework directory.)
AssemblyResolver: Assembly 'System.Data.Entity' is referencing assembly 'System.Transactions'.
	AssemblyResolver: Attempting referencing assembly's directory.
Resolved assembly reference 'System.Transactions' to 'C:\Windows\Microsoft.NET\Framework\v4.0.30319\System.Transactions.dll'. (Used referencing Module's directory.)
Location for referenced assembly 'Portal' is 'C:\Users\fyhr\Desktop\repositories\CHAOS.Portal.Authentication\src\app\CHAOS.Portal.Authentication.EmailPassword\bin\Release\Portal.dll'
	There were no errors reported in  Portal's metadata.
Location for referenced assembly 'System' is 'C:\Windows\Microsoft.NET\Framework\v4.0.30319\system.dll'
	There were no errors reported in  System's metadata.
Location for referenced assembly 'System.Xml' is 'C:\Windows\Microsoft.NET\Framework\v4.0.30319\System.Xml.dll'
	There were no errors reported in  System.Xml's metadata.
Location for referenced assembly 'mscorlib' is 'C:\Windows\Microsoft.NET\Framework\v4.0.30319\mscorlib.dll'
	There were no errors reported in  mscorlib's metadata.
Location for referenced assembly 'System.Xml.Linq' is 'C:\Windows\Microsoft.NET\Framework\v4.0.30319\System.Xml.Linq.dll'
	There were no errors reported in  System.Xml.Linq's metadata.
Location for referenced assembly 'System.Data.Entity' is 'C:\Windows\Microsoft.NET\Framework\v4.0.30319\System.Data.Entity.dll'
	There were no errors reported in  System.Data.Entity's metadata.
Location for referenced assembly 'System.Core' is 'C:\Windows\Microsoft.NET\Framework\v4.0.30319\System.Core.dll'
	There were no errors reported in  System.Core's metadata.
Location for referenced assembly 'CHAOS' is 'C:\Users\fyhr\Desktop\repositories\CHAOS.Portal.Authentication\src\app\CHAOS.Portal.Authentication.SecureCookie.Data\bin\Release\CHAOS.dll'
	There were no errors reported in  CHAOS's metadata.
Location for referenced assembly 'System.Web' is 'C:\Windows\Microsoft.NET\Framework\v4.0.30319\System.Web.dll'
	There were no errors reported in  System.Web's metadata.
Location for referenced assembly 'System.Runtime.Serialization' is 'C:\Windows\Microsoft.NET\Framework\v4.0.30319\System.Runtime.Serialization.dll'
	There were no errors reported in  System.Runtime.Serialization's metadata.
ILMerge: Done.
Set platform to 'v4', using directory 'C:\Windows\Microsoft.NET\Framework\v4.0.30319' for mscorlib.dll
Set platform to 'v2', using directory 'C:\Windows\Microsoft.NET\Framework\v4.0.30319' for mscorlib.dll
Running on Microsoft (R) .NET Framework v4.0.30319
mscorlib.dll version = 4.0.0.0
The list of input assemblies is:
	C:\Users\fyhr\Desktop\repositories\CHAOS.Portal.Authentication\src\app\CHAOS.Portal.Authentication.EmailPassword\bin\Release\CHAOS.Portal.Authentication.EmailPassword.dll
	C:\Users\fyhr\Desktop\repositories\CHAOS.Portal.Authentication\src\app\CHAOS.Portal.Authentication.EmailPassword.Data\bin\Release\CHAOS.Portal.Authentication.EmailPassword.Data.dll
	C:\Users\fyhr\Desktop\repositories\CHAOS.Portal.Authentication\src\app\CHAOS.Portal.Authentication.Exception\bin\Release\CHAOS.Portal.Authentication.Exception.dll
	C:\Users\fyhr\Desktop\repositories\CHAOS.Portal.Authentication\src\app\CHAOS.Portal.Authentication.SecureCookie.Data\bin\Release\CHAOS.Portal.Authentication.SecureCookie.Data.dll
	C:\Users\fyhr\Desktop\repositories\CHAOS.Portal.Authentication\src\app\CHAOS.Portal.Authentication.SecureCookie\bin\Release\CHAOS.Portal.Authentication.SecureCookie.dll
Trying to read assembly from the file 'C:\Users\fyhr\Desktop\repositories\CHAOS.Portal.Authentication\src\app\CHAOS.Portal.Authentication.EmailPassword\bin\Release\CHAOS.Portal.Authentication.EmailPassword.dll'.
	Successfully read in assembly.
	There were no errors reported in CHAOS.Portal.Authentication.EmailPassword's metadata.
Trying to read assembly from the file 'C:\Users\fyhr\Desktop\repositories\CHAOS.Portal.Authentication\src\app\CHAOS.Portal.Authentication.EmailPassword.Data\bin\Release\CHAOS.Portal.Authentication.EmailPassword.Data.dll'.
	Successfully read in assembly.
	There were no errors reported in CHAOS.Portal.Authentication.EmailPassword.Data's metadata.
Trying to read assembly from the file 'C:\Users\fyhr\Desktop\repositories\CHAOS.Portal.Authentication\src\app\CHAOS.Portal.Authentication.Exception\bin\Release\CHAOS.Portal.Authentication.Exception.dll'.
	Successfully read in assembly.
	There were no errors reported in CHAOS.Portal.Authentication.Exception's metadata.
Trying to read assembly from the file 'C:\Users\fyhr\Desktop\repositories\CHAOS.Portal.Authentication\src\app\CHAOS.Portal.Authentication.SecureCookie.Data\bin\Release\CHAOS.Portal.Authentication.SecureCookie.Data.dll'.
	Successfully read in assembly.
	There were no errors reported in CHAOS.Portal.Authentication.SecureCookie.Data's metadata.
Trying to read assembly from the file 'C:\Users\fyhr\Desktop\repositories\CHAOS.Portal.Authentication\src\app\CHAOS.Portal.Authentication.SecureCookie\bin\Release\CHAOS.Portal.Authentication.SecureCookie.dll'.
	Successfully read in assembly.
	There were no errors reported in CHAOS.Portal.Authentication.SecureCookie's metadata.
Checking to see that all of the input assemblies have a compatible PeKind.
	CHAOS.Portal.Authentication.EmailPassword.PeKind = ILonly
	CHAOS.Portal.Authentication.EmailPassword.Data.PeKind = ILonly
	CHAOS.Portal.Authentication.Exception.PeKind = ILonly
	CHAOS.Portal.Authentication.SecureCookie.Data.PeKind = ILonly
	CHAOS.Portal.Authentication.SecureCookie.PeKind = ILonly
All input assemblies have a compatible PeKind value.
AssemblyResolver: Assembly 'CHAOS.Portal.Authentication.EmailPassword' is referencing assembly 'Portal'.
	AssemblyResolver: Attempting referencing assembly's directory.
Resolved assembly reference 'Portal' to 'C:\Users\fyhr\Desktop\repositories\CHAOS.Portal.Authentication\src\app\CHAOS.Portal.Authentication.EmailPassword\bin\Release\Portal.dll'. (Used referencing Module's directory.)
AssemblyResolver: Assembly 'CHAOS.Portal.Authentication.EmailPassword' is referencing assembly 'System.Xml'.
	AssemblyResolver: Attempting referencing assembly's directory.
	AssemblyResolver: Did not find assembly in referencing assembly's directory.
	AssemblyResolver: Attempting input directory.
	AssemblyResolver: Did not find assembly in input directory.
	AssemblyResolver: Attempting user-supplied directories.
	AssemblyResolver: No user-supplied directories.
	AssemblyResolver: Attempting framework directory.
Resolved assembly reference 'System.Xml' to 'C:\Windows\Microsoft.NET\Framework\v4.0.30319\System.Xml.dll'. (Used framework directory.)
AssemblyResolver: Assembly 'CHAOS.Portal.Authentication.EmailPassword.Data' is referencing assembly 'System.Data.Entity'.
	AssemblyResolver: Attempting referencing assembly's directory.
	AssemblyResolver: Did not find assembly in referencing assembly's directory.
	AssemblyResolver: Attempting input directory.
	AssemblyResolver: Did not find assembly in input directory.
	AssemblyResolver: Attempting user-supplied directories.
	AssemblyResolver: No user-supplied directories.
	AssemblyResolver: Attempting framework directory.
Resolved assembly reference 'System.Data.Entity' to 'C:\Windows\Microsoft.NET\Framework\v4.0.30319\System.Data.Entity.dll'. (Used framework directory.)
AssemblyResolver: Assembly 'CHAOS.Portal.Authentication.EmailPassword' is referencing assembly 'System.Xml.Linq'.
	AssemblyResolver: Attempting referencing assembly's directory.
	AssemblyResolver: Did not find assembly in referencing assembly's directory.
	AssemblyResolver: Attempting input directory.
	AssemblyResolver: Did not find assembly in input directory.
	AssemblyResolver: Attempting user-supplied directories.
	AssemblyResolver: No user-supplied directories.
	AssemblyResolver: Attempting framework directory.
Resolved assembly reference 'System.Xml.Linq' to 'C:\Windows\Microsoft.NET\Framework\v4.0.30319\System.Xml.Linq.dll'. (Used framework directory.)
AssemblyResolver: Assembly 'System.Data.Entity' is referencing assembly 'System.Core'.
	AssemblyResolver: Attempting referencing assembly's directory.
Resolved assembly reference 'System.Core' to 'C:\Windows\Microsoft.NET\Framework\v4.0.30319\System.Core.dll'. (Used referencing Module's directory.)
AssemblyResolver: Assembly 'System.Data.Entity' is referencing assembly 'System.Data'.
	AssemblyResolver: Attempting referencing assembly's directory.
Resolved assembly reference 'System.Data' to 'C:\Windows\Microsoft.NET\Framework\v4.0.30319\System.Data.dll'. (Used referencing Module's directory.)
AssemblyResolver: Assembly 'CHAOS.Portal.Authentication.EmailPassword.Data' is referencing assembly 'System.Runtime.Serialization'.
	AssemblyResolver: Attempting referencing assembly's directory.
	AssemblyResolver: Did not find assembly in referencing assembly's directory.
	AssemblyResolver: Attempting input directory.
	AssemblyResolver: Did not find assembly in input directory.
	AssemblyResolver: Attempting user-supplied directories.
	AssemblyResolver: No user-supplied directories.
	AssemblyResolver: Attempting framework directory.
Resolved assembly reference 'System.Runtime.Serialization' to 'C:\Windows\Microsoft.NET\Framework\v4.0.30319\System.Runtime.Serialization.dll'. (Used framework directory.)
AssemblyResolver: Assembly 'CHAOS.Portal.Authentication.SecureCookie.Data' is referencing assembly 'CHAOS'.
	AssemblyResolver: Attempting referencing assembly's directory.
Resolved assembly reference 'CHAOS' to 'C:\Users\fyhr\Desktop\repositories\CHAOS.Portal.Authentication\src\app\CHAOS.Portal.Authentication.SecureCookie.Data\bin\Release\CHAOS.dll'. (Used referencing Module's directory.)
Using assembly 'CHAOS.Portal.Authentication.EmailPassword' for assembly-level attributes for the target assembly.
Merging assembly 'CHAOS.Portal.Authentication.EmailPassword' into target assembly.
Merging assembly 'CHAOS.Portal.Authentication.EmailPassword.Data' into target assembly.
Merging assembly 'CHAOS.Portal.Authentication.Exception' into target assembly.
Merging assembly 'CHAOS.Portal.Authentication.SecureCookie.Data' into target assembly.
Merging assembly 'CHAOS.Portal.Authentication.SecureCookie' into target assembly.
Copying 1 Win32 Resources from assembly 'CHAOS.Portal.Authentication.EmailPassword' into target assembly.
	There were no errors reported in the target assembly's metadata.
ILMerge: Writing target assembly 'C:\Users\fyhr\Desktop\repositories\CHAOS.Portal.Authentication\build\CHAOS.Portal.Authentication.dll'.
AssemblyResolver: Assembly 'System.Xml' is referencing assembly 'System.Data.SqlXml'.
	AssemblyResolver: Attempting referencing assembly's directory.
Resolved assembly reference 'System.Data.SqlXml' to 'C:\Windows\Microsoft.NET\Framework\v4.0.30319\System.Data.SqlXml.dll'. (Used referencing Module's directory.)
AssemblyResolver: Assembly 'CHAOS.Portal.Authentication.EmailPassword' is referencing assembly 'System.Web'.
	AssemblyResolver: Attempting referencing assembly's directory.
	AssemblyResolver: Did not find assembly in referencing assembly's directory.
	AssemblyResolver: Attempting input directory.
	AssemblyResolver: Did not find assembly in input directory.
	AssemblyResolver: Attempting user-supplied directories.
	AssemblyResolver: No user-supplied directories.
	AssemblyResolver: Attempting framework directory.
Resolved assembly reference 'System.Web' to 'C:\Windows\Microsoft.NET\Framework\v4.0.30319\System.Web.dll'. (Used framework directory.)
AssemblyResolver: Assembly 'System.Data.Entity' is referencing assembly 'System.Transactions'.
	AssemblyResolver: Attempting referencing assembly's directory.
Resolved assembly reference 'System.Transactions' to 'C:\Windows\Microsoft.NET\Framework\v4.0.30319\System.Transactions.dll'. (Used referencing Module's directory.)
Location for referenced assembly 'Portal' is 'C:\Users\fyhr\Desktop\repositories\CHAOS.Portal.Authentication\src\app\CHAOS.Portal.Authentication.EmailPassword\bin\Release\Portal.dll'
	There were no errors reported in  Portal's metadata.
Location for referenced assembly 'System' is 'C:\Windows\Microsoft.NET\Framework\v4.0.30319\system.dll'
	There were no errors reported in  System's metadata.
Location for referenced assembly 'System.Xml' is 'C:\Windows\Microsoft.NET\Framework\v4.0.30319\System.Xml.dll'
	There were no errors reported in  System.Xml's metadata.
Location for referenced assembly 'mscorlib' is 'C:\Windows\Microsoft.NET\Framework\v4.0.30319\mscorlib.dll'
	There were no errors reported in  mscorlib's metadata.
Location for referenced assembly 'System.Xml.Linq' is 'C:\Windows\Microsoft.NET\Framework\v4.0.30319\System.Xml.Linq.dll'
	There were no errors reported in  System.Xml.Linq's metadata.
Location for referenced assembly 'System.Data.Entity' is 'C:\Windows\Microsoft.NET\Framework\v4.0.30319\System.Data.Entity.dll'
	There were no errors reported in  System.Data.Entity's metadata.
Location for referenced assembly 'System.Core' is 'C:\Windows\Microsoft.NET\Framework\v4.0.30319\System.Core.dll'
	There were no errors reported in  System.Core's metadata.
Location for referenced assembly 'CHAOS' is 'C:\Users\fyhr\Desktop\repositories\CHAOS.Portal.Authentication\src\app\CHAOS.Portal.Authentication.SecureCookie.Data\bin\Release\CHAOS.dll'
	There were no errors reported in  CHAOS's metadata.
Location for referenced assembly 'System.Web' is 'C:\Windows\Microsoft.NET\Framework\v4.0.30319\System.Web.dll'
	There were no errors reported in  System.Web's metadata.
Location for referenced assembly 'System.Runtime.Serialization' is 'C:\Windows\Microsoft.NET\Framework\v4.0.30319\System.Runtime.Serialization.dll'
	There were no errors reported in  System.Runtime.Serialization's metadata.
ILMerge: Done.
Set platform to 'v4', using directory 'C:\Windows\Microsoft.NET\Framework\v4.0.30319' for mscorlib.dll
Set platform to 'v2', using directory 'C:\Windows\Microsoft.NET\Framework\v4.0.30319' for mscorlib.dll
Running on Microsoft (R) .NET Framework v4.0.30319
mscorlib.dll version = 4.0.0.0
The list of input assemblies is:
	C:\Users\JesperFyhr\Desktop\repositories\CHAOS.Portal.Authentication\src\app\CHAOS.Portal.Authentication\bin\Release\Chaos.Portal.Authentication.dll
Trying to read assembly from the file 'C:\Users\JesperFyhr\Desktop\repositories\CHAOS.Portal.Authentication\src\app\CHAOS.Portal.Authentication\bin\Release\Chaos.Portal.Authentication.dll'.
	Successfully read in assembly.
	There were no errors reported in Chaos.Portal.Authentication's metadata.
Checking to see that all of the input assemblies have a compatible PeKind.
	Chaos.Portal.Authentication.PeKind = ILonly
All input assemblies have a compatible PeKind value.
AssemblyResolver: Assembly 'Chaos.Portal.Authentication' is referencing assembly 'Chaos.Portal'.
	AssemblyResolver: Attempting referencing assembly's directory.
Resolved assembly reference 'Chaos.Portal' to 'C:\Users\JesperFyhr\Desktop\repositories\CHAOS.Portal.Authentication\src\app\CHAOS.Portal.Authentication\bin\Release\Chaos.Portal.dll'. (Used referencing Module's directory.)
AssemblyResolver: Assembly 'Chaos.Portal.Authentication' is referencing assembly 'CHAOS'.
	AssemblyResolver: Attempting referencing assembly's directory.
Resolved assembly reference 'CHAOS' to 'C:\Users\JesperFyhr\Desktop\repositories\CHAOS.Portal.Authentication\src\app\CHAOS.Portal.Authentication\bin\Release\CHAOS.dll'. (Used referencing Module's directory.)
AssemblyResolver: Assembly 'Chaos.Portal.Authentication' is referencing assembly 'System.Data'.
	AssemblyResolver: Attempting referencing assembly's directory.
	AssemblyResolver: Did not find assembly in referencing assembly's directory.
	AssemblyResolver: Attempting input directory.
	AssemblyResolver: Did not find assembly in input directory.
	AssemblyResolver: Attempting user-supplied directories.
	AssemblyResolver: No user-supplied directories.
	AssemblyResolver: Attempting framework directory.
Resolved assembly reference 'System.Data' to 'C:\Windows\Microsoft.NET\Framework\v4.0.30319\System.Data.dll'. (Used framework directory.)
AssemblyResolver: Assembly 'Chaos.Portal.Authentication' is referencing assembly 'System.Xml'.
	AssemblyResolver: Attempting referencing assembly's directory.
	AssemblyResolver: Did not find assembly in referencing assembly's directory.
	AssemblyResolver: Attempting input directory.
	AssemblyResolver: Did not find assembly in input directory.
	AssemblyResolver: Attempting user-supplied directories.
	AssemblyResolver: No user-supplied directories.
	AssemblyResolver: Attempting framework directory.
Resolved assembly reference 'System.Xml' to 'C:\Windows\Microsoft.NET\Framework\v4.0.30319\System.Xml.dll'. (Used framework directory.)
AssemblyResolver: Assembly 'Chaos.Portal.Authentication' is referencing assembly 'System.Xml.Linq'.
	AssemblyResolver: Attempting referencing assembly's directory.
	AssemblyResolver: Did not find assembly in referencing assembly's directory.
	AssemblyResolver: Attempting input directory.
	AssemblyResolver: Did not find assembly in input directory.
	AssemblyResolver: Attempting user-supplied directories.
	AssemblyResolver: No user-supplied directories.
	AssemblyResolver: Attempting framework directory.
Resolved assembly reference 'System.Xml.Linq' to 'C:\Windows\Microsoft.NET\Framework\v4.0.30319\System.Xml.Linq.dll'. (Used framework directory.)
Using assembly 'Chaos.Portal.Authentication' for assembly-level attributes for the target assembly.
Merging assembly 'Chaos.Portal.Authentication' into target assembly.
Copying 1 Win32 Resources from assembly 'Chaos.Portal.Authentication' into target assembly.
	There were no errors reported in the target assembly's metadata.
ILMerge: Writing target assembly 'C:\Users\JesperFyhr\Desktop\repositories\CHAOS.Portal.Authentication\build\Chaos.Portal.Authentication.dll'.
AssemblyResolver: Assembly 'CHAOS' is referencing assembly 'MySql.Data'.
	AssemblyResolver: Attempting referencing assembly's directory.
	AssemblyResolver: Did not find assembly in referencing assembly's directory.
	AssemblyResolver: Attempting input directory.
	AssemblyResolver: Did not find assembly in input directory.
	AssemblyResolver: Attempting user-supplied directories.
	AssemblyResolver: No user-supplied directories.
	AssemblyResolver: Attempting framework directory.
	AssemblyResolver: Did not find assembly in framework directory.
AssemblyResolver: Unable to resolve reference. (It still might be found, e.g., in the GAC.)
AssemblyResolver: Assembly 'Chaos.Portal.Authentication' is referencing assembly 'System.Core'.
	AssemblyResolver: Attempting referencing assembly's directory.
	AssemblyResolver: Did not find assembly in referencing assembly's directory.
	AssemblyResolver: Attempting input directory.
	AssemblyResolver: Did not find assembly in input directory.
	AssemblyResolver: Attempting user-supplied directories.
	AssemblyResolver: No user-supplied directories.
	AssemblyResolver: Attempting framework directory.
Resolved assembly reference 'System.Core' to 'C:\Windows\Microsoft.NET\Framework\v4.0.30319\System.Core.dll'. (Used framework directory.)
AssemblyResolver: Assembly 'System.Xml' is referencing assembly 'System.Data.SqlXml'.
	AssemblyResolver: Attempting referencing assembly's directory.
Resolved assembly reference 'System.Data.SqlXml' to 'C:\Windows\Microsoft.NET\Framework\v4.0.30319\System.Data.SqlXml.dll'. (Used referencing Module's directory.)
AssemblyResolver: Assembly 'Chaos.Portal.Authentication' is referencing assembly 'System.Web'.
	AssemblyResolver: Attempting referencing assembly's directory.
	AssemblyResolver: Did not find assembly in referencing assembly's directory.
	AssemblyResolver: Attempting input directory.
	AssemblyResolver: Did not find assembly in input directory.
	AssemblyResolver: Attempting user-supplied directories.
	AssemblyResolver: No user-supplied directories.
	AssemblyResolver: Attempting framework directory.
Resolved assembly reference 'System.Web' to 'C:\Windows\Microsoft.NET\Framework\v4.0.30319\System.Web.dll'. (Used framework directory.)
Location for referenced assembly 'Chaos.Portal' is 'C:\Users\JesperFyhr\Desktop\repositories\CHAOS.Portal.Authentication\src\app\CHAOS.Portal.Authentication\bin\Release\Chaos.Portal.dll'
	There were no errors reported in  Chaos.Portal's metadata.
Location for referenced assembly 'mscorlib' is 'C:\Windows\Microsoft.NET\Framework\v4.0.30319\mscorlib.dll'
	There were no errors reported in  mscorlib's metadata.
Location for referenced assembly 'CHAOS' is 'C:\Users\JesperFyhr\Desktop\repositories\CHAOS.Portal.Authentication\src\app\CHAOS.Portal.Authentication\bin\Release\CHAOS.dll'
	There were no errors reported in  CHAOS's metadata.
Location for referenced assembly 'MySql.Data' is 'C:\WINDOWS\Microsoft.Net\assembly\GAC_MSIL\MySql.Data\v4.0_6.6.5.0__c5687fc88969c44d\MySql.Data.dll'
	There were no errors reported in  MySql.Data's metadata.
Location for referenced assembly 'System.Core' is 'C:\Windows\Microsoft.NET\Framework\v4.0.30319\System.Core.dll'
	There were no errors reported in  System.Core's metadata.
Location for referenced assembly 'System.Data' is 'C:\Windows\Microsoft.NET\Framework\v4.0.30319\System.Data.dll'
	There were no errors reported in  System.Data's metadata.
Location for referenced assembly 'System' is 'C:\Windows\Microsoft.NET\Framework\v4.0.30319\system.dll'
	There were no errors reported in  System's metadata.
Location for referenced assembly 'System.Xml' is 'C:\Windows\Microsoft.NET\Framework\v4.0.30319\System.Xml.dll'
	There were no errors reported in  System.Xml's metadata.
Location for referenced assembly 'System.Xml.Linq' is 'C:\Windows\Microsoft.NET\Framework\v4.0.30319\System.Xml.Linq.dll'
	There were no errors reported in  System.Xml.Linq's metadata.
Location for referenced assembly 'System.Web' is 'C:\Windows\Microsoft.NET\Framework\v4.0.30319\System.Web.dll'
	There were no errors reported in  System.Web's metadata.
ILMerge: Done.
Set platform to 'v4', using directory 'C:\Windows\Microsoft.NET\Framework\v4.0.30319' for mscorlib.dll
Set platform to 'v2', using directory 'C:\Windows\Microsoft.NET\Framework\v4.0.30319' for mscorlib.dll
Running on Microsoft (R) .NET Framework v4.0.30319
mscorlib.dll version = 4.0.0.0
The list of input assemblies is:
	C:\Users\JesperFyhr\Desktop\repositories\CHAOS.Portal.Authentication\src\app\CHAOS.Portal.Authentication\bin\Release\Chaos.Portal.Authentication.dll
Trying to read assembly from the file 'C:\Users\JesperFyhr\Desktop\repositories\CHAOS.Portal.Authentication\src\app\CHAOS.Portal.Authentication\bin\Release\Chaos.Portal.Authentication.dll'.
	Successfully read in assembly.
	There were no errors reported in Chaos.Portal.Authentication's metadata.
Checking to see that all of the input assemblies have a compatible PeKind.
	Chaos.Portal.Authentication.PeKind = ILonly
All input assemblies have a compatible PeKind value.
AssemblyResolver: Assembly 'Chaos.Portal.Authentication' is referencing assembly 'Chaos.Portal'.
	AssemblyResolver: Attempting referencing assembly's directory.
Resolved assembly reference 'Chaos.Portal' to 'C:\Users\JesperFyhr\Desktop\repositories\CHAOS.Portal.Authentication\src\app\CHAOS.Portal.Authentication\bin\Release\Chaos.Portal.dll'. (Used referencing Module's directory.)
AssemblyResolver: Assembly 'Chaos.Portal.Authentication' is referencing assembly 'CHAOS'.
	AssemblyResolver: Attempting referencing assembly's directory.
Resolved assembly reference 'CHAOS' to 'C:\Users\JesperFyhr\Desktop\repositories\CHAOS.Portal.Authentication\src\app\CHAOS.Portal.Authentication\bin\Release\CHAOS.dll'. (Used referencing Module's directory.)
AssemblyResolver: Assembly 'Chaos.Portal.Authentication' is referencing assembly 'System.Data'.
	AssemblyResolver: Attempting referencing assembly's directory.
	AssemblyResolver: Did not find assembly in referencing assembly's directory.
	AssemblyResolver: Attempting input directory.
	AssemblyResolver: Did not find assembly in input directory.
	AssemblyResolver: Attempting user-supplied directories.
	AssemblyResolver: No user-supplied directories.
	AssemblyResolver: Attempting framework directory.
Resolved assembly reference 'System.Data' to 'C:\Windows\Microsoft.NET\Framework\v4.0.30319\System.Data.dll'. (Used framework directory.)
AssemblyResolver: Assembly 'Chaos.Portal.Authentication' is referencing assembly 'System.Xml'.
	AssemblyResolver: Attempting referencing assembly's directory.
	AssemblyResolver: Did not find assembly in referencing assembly's directory.
	AssemblyResolver: Attempting input directory.
	AssemblyResolver: Did not find assembly in input directory.
	AssemblyResolver: Attempting user-supplied directories.
	AssemblyResolver: No user-supplied directories.
	AssemblyResolver: Attempting framework directory.
Resolved assembly reference 'System.Xml' to 'C:\Windows\Microsoft.NET\Framework\v4.0.30319\System.Xml.dll'. (Used framework directory.)
AssemblyResolver: Assembly 'Chaos.Portal.Authentication' is referencing assembly 'System.Xml.Linq'.
	AssemblyResolver: Attempting referencing assembly's directory.
	AssemblyResolver: Did not find assembly in referencing assembly's directory.
	AssemblyResolver: Attempting input directory.
	AssemblyResolver: Did not find assembly in input directory.
	AssemblyResolver: Attempting user-supplied directories.
	AssemblyResolver: No user-supplied directories.
	AssemblyResolver: Attempting framework directory.
Resolved assembly reference 'System.Xml.Linq' to 'C:\Windows\Microsoft.NET\Framework\v4.0.30319\System.Xml.Linq.dll'. (Used framework directory.)
Using assembly 'Chaos.Portal.Authentication' for assembly-level attributes for the target assembly.
Merging assembly 'Chaos.Portal.Authentication' into target assembly.
Copying 1 Win32 Resources from assembly 'Chaos.Portal.Authentication' into target assembly.
	There were no errors reported in the target assembly's metadata.
ILMerge: Writing target assembly 'C:\Users\JesperFyhr\Desktop\repositories\CHAOS.Portal.Authentication\build\Chaos.Portal.Authentication.dll'.
AssemblyResolver: Assembly 'Chaos.Portal.Authentication' is referencing assembly 'System.Core'.
	AssemblyResolver: Attempting referencing assembly's directory.
	AssemblyResolver: Did not find assembly in referencing assembly's directory.
	AssemblyResolver: Attempting input directory.
	AssemblyResolver: Did not find assembly in input directory.
	AssemblyResolver: Attempting user-supplied directories.
	AssemblyResolver: No user-supplied directories.
	AssemblyResolver: Attempting framework directory.
Resolved assembly reference 'System.Core' to 'C:\Windows\Microsoft.NET\Framework\v4.0.30319\System.Core.dll'. (Used framework directory.)
AssemblyResolver: Assembly 'CHAOS' is referencing assembly 'MySql.Data'.
	AssemblyResolver: Attempting referencing assembly's directory.
	AssemblyResolver: Did not find assembly in referencing assembly's directory.
	AssemblyResolver: Attempting input directory.
	AssemblyResolver: Did not find assembly in input directory.
	AssemblyResolver: Attempting user-supplied directories.
	AssemblyResolver: No user-supplied directories.
	AssemblyResolver: Attempting framework directory.
	AssemblyResolver: Did not find assembly in framework directory.
AssemblyResolver: Unable to resolve reference. (It still might be found, e.g., in the GAC.)
AssemblyResolver: Assembly 'Chaos.Portal.Authentication' is referencing assembly 'System.Web'.
	AssemblyResolver: Attempting referencing assembly's directory.
	AssemblyResolver: Did not find assembly in referencing assembly's directory.
	AssemblyResolver: Attempting input directory.
	AssemblyResolver: Did not find assembly in input directory.
	AssemblyResolver: Attempting user-supplied directories.
	AssemblyResolver: No user-supplied directories.
	AssemblyResolver: Attempting framework directory.
Resolved assembly reference 'System.Web' to 'C:\Windows\Microsoft.NET\Framework\v4.0.30319\System.Web.dll'. (Used framework directory.)
AssemblyResolver: Assembly 'System.Xml' is referencing assembly 'System.Data.SqlXml'.
	AssemblyResolver: Attempting referencing assembly's directory.
Resolved assembly reference 'System.Data.SqlXml' to 'C:\Windows\Microsoft.NET\Framework\v4.0.30319\System.Data.SqlXml.dll'. (Used referencing Module's directory.)
Location for referenced assembly 'Chaos.Portal' is 'C:\Users\JesperFyhr\Desktop\repositories\CHAOS.Portal.Authentication\src\app\CHAOS.Portal.Authentication\bin\Release\Chaos.Portal.dll'
	There were no errors reported in  Chaos.Portal's metadata.
Location for referenced assembly 'System.Xml.Linq' is 'C:\Windows\Microsoft.NET\Framework\v4.0.30319\System.Xml.Linq.dll'
	There were no errors reported in  System.Xml.Linq's metadata.
Location for referenced assembly 'mscorlib' is 'C:\Windows\Microsoft.NET\Framework\v4.0.30319\mscorlib.dll'
	There were no errors reported in  mscorlib's metadata.
Location for referenced assembly 'System.Core' is 'C:\Windows\Microsoft.NET\Framework\v4.0.30319\System.Core.dll'
	There were no errors reported in  System.Core's metadata.
Location for referenced assembly 'CHAOS' is 'C:\Users\JesperFyhr\Desktop\repositories\CHAOS.Portal.Authentication\src\app\CHAOS.Portal.Authentication\bin\Release\CHAOS.dll'
	There were no errors reported in  CHAOS's metadata.
Location for referenced assembly 'MySql.Data' is 'C:\WINDOWS\Microsoft.Net\assembly\GAC_MSIL\MySql.Data\v4.0_6.6.5.0__c5687fc88969c44d\MySql.Data.dll'
	There were no errors reported in  MySql.Data's metadata.
Location for referenced assembly 'System.Data' is 'C:\Windows\Microsoft.NET\Framework\v4.0.30319\System.Data.dll'
	There were no errors reported in  System.Data's metadata.
Location for referenced assembly 'System' is 'C:\Windows\Microsoft.NET\Framework\v4.0.30319\system.dll'
	There were no errors reported in  System's metadata.
Location for referenced assembly 'System.Xml' is 'C:\Windows\Microsoft.NET\Framework\v4.0.30319\System.Xml.dll'
	There were no errors reported in  System.Xml's metadata.
Location for referenced assembly 'System.Web' is 'C:\Windows\Microsoft.NET\Framework\v4.0.30319\System.Web.dll'
	There were no errors reported in  System.Web's metadata.
ILMerge: Done.
Set platform to 'v4', using directory 'C:\Windows\Microsoft.NET\Framework\v4.0.30319' for mscorlib.dll
Set platform to 'v2', using directory 'C:\Windows\Microsoft.NET\Framework\v4.0.30319' for mscorlib.dll
Running on Microsoft (R) .NET Framework v4.0.30319
mscorlib.dll version = 4.0.0.0
The list of input assemblies is:
	C:\Users\JesperFyhr\Desktop\repositories\CHAOS.Portal.Authentication\src\app\CHAOS.Portal.Authentication\bin\Release\Chaos.Portal.Authentication.dll
Trying to read assembly from the file 'C:\Users\JesperFyhr\Desktop\repositories\CHAOS.Portal.Authentication\src\app\CHAOS.Portal.Authentication\bin\Release\Chaos.Portal.Authentication.dll'.
	Successfully read in assembly.
	There were no errors reported in Chaos.Portal.Authentication's metadata.
Checking to see that all of the input assemblies have a compatible PeKind.
	Chaos.Portal.Authentication.PeKind = ILonly
All input assemblies have a compatible PeKind value.
AssemblyResolver: Assembly 'Chaos.Portal.Authentication' is referencing assembly 'Chaos.Portal'.
	AssemblyResolver: Attempting referencing assembly's directory.
Resolved assembly reference 'Chaos.Portal' to 'C:\Users\JesperFyhr\Desktop\repositories\CHAOS.Portal.Authentication\src\app\CHAOS.Portal.Authentication\bin\Release\Chaos.Portal.dll'. (Used referencing Module's directory.)
AssemblyResolver: Assembly 'Chaos.Portal.Authentication' is referencing assembly 'CHAOS'.
	AssemblyResolver: Attempting referencing assembly's directory.
Resolved assembly reference 'CHAOS' to 'C:\Users\JesperFyhr\Desktop\repositories\CHAOS.Portal.Authentication\src\app\CHAOS.Portal.Authentication\bin\Release\CHAOS.dll'. (Used referencing Module's directory.)
AssemblyResolver: Assembly 'Chaos.Portal.Authentication' is referencing assembly 'System.Data'.
	AssemblyResolver: Attempting referencing assembly's directory.
	AssemblyResolver: Did not find assembly in referencing assembly's directory.
	AssemblyResolver: Attempting input directory.
	AssemblyResolver: Did not find assembly in input directory.
	AssemblyResolver: Attempting user-supplied directories.
	AssemblyResolver: No user-supplied directories.
	AssemblyResolver: Attempting framework directory.
Resolved assembly reference 'System.Data' to 'C:\Windows\Microsoft.NET\Framework\v4.0.30319\System.Data.dll'. (Used framework directory.)
AssemblyResolver: Assembly 'Chaos.Portal.Authentication' is referencing assembly 'System.Xml'.
	AssemblyResolver: Attempting referencing assembly's directory.
	AssemblyResolver: Did not find assembly in referencing assembly's directory.
	AssemblyResolver: Attempting input directory.
	AssemblyResolver: Did not find assembly in input directory.
	AssemblyResolver: Attempting user-supplied directories.
	AssemblyResolver: No user-supplied directories.
	AssemblyResolver: Attempting framework directory.
Resolved assembly reference 'System.Xml' to 'C:\Windows\Microsoft.NET\Framework\v4.0.30319\System.Xml.dll'. (Used framework directory.)
AssemblyResolver: Assembly 'Chaos.Portal.Authentication' is referencing assembly 'System.Xml.Linq'.
	AssemblyResolver: Attempting referencing assembly's directory.
	AssemblyResolver: Did not find assembly in referencing assembly's directory.
	AssemblyResolver: Attempting input directory.
	AssemblyResolver: Did not find assembly in input directory.
	AssemblyResolver: Attempting user-supplied directories.
	AssemblyResolver: No user-supplied directories.
	AssemblyResolver: Attempting framework directory.
Resolved assembly reference 'System.Xml.Linq' to 'C:\Windows\Microsoft.NET\Framework\v4.0.30319\System.Xml.Linq.dll'. (Used framework directory.)
Using assembly 'Chaos.Portal.Authentication' for assembly-level attributes for the target assembly.
Merging assembly 'Chaos.Portal.Authentication' into target assembly.
Copying 1 Win32 Resources from assembly 'Chaos.Portal.Authentication' into target assembly.
	There were no errors reported in the target assembly's metadata.
ILMerge: Writing target assembly 'C:\Users\JesperFyhr\Desktop\repositories\CHAOS.Portal.Authentication\build\Chaos.Portal.Authentication.dll'.
AssemblyResolver: Assembly 'Chaos.Portal.Authentication' is referencing assembly 'System.Core'.
	AssemblyResolver: Attempting referencing assembly's directory.
	AssemblyResolver: Did not find assembly in referencing assembly's directory.
	AssemblyResolver: Attempting input directory.
	AssemblyResolver: Did not find assembly in input directory.
	AssemblyResolver: Attempting user-supplied directories.
	AssemblyResolver: No user-supplied directories.
	AssemblyResolver: Attempting framework directory.
Resolved assembly reference 'System.Core' to 'C:\Windows\Microsoft.NET\Framework\v4.0.30319\System.Core.dll'. (Used framework directory.)
AssemblyResolver: Assembly 'CHAOS' is referencing assembly 'MySql.Data'.
	AssemblyResolver: Attempting referencing assembly's directory.
	AssemblyResolver: Did not find assembly in referencing assembly's directory.
	AssemblyResolver: Attempting input directory.
	AssemblyResolver: Did not find assembly in input directory.
	AssemblyResolver: Attempting user-supplied directories.
	AssemblyResolver: No user-supplied directories.
	AssemblyResolver: Attempting framework directory.
	AssemblyResolver: Did not find assembly in framework directory.
AssemblyResolver: Unable to resolve reference. (It still might be found, e.g., in the GAC.)
AssemblyResolver: Assembly 'Chaos.Portal.Authentication' is referencing assembly 'System.Web'.
	AssemblyResolver: Attempting referencing assembly's directory.
	AssemblyResolver: Did not find assembly in referencing assembly's directory.
	AssemblyResolver: Attempting input directory.
	AssemblyResolver: Did not find assembly in input directory.
	AssemblyResolver: Attempting user-supplied directories.
	AssemblyResolver: No user-supplied directories.
	AssemblyResolver: Attempting framework directory.
Resolved assembly reference 'System.Web' to 'C:\Windows\Microsoft.NET\Framework\v4.0.30319\System.Web.dll'. (Used framework directory.)
AssemblyResolver: Assembly 'System.Xml' is referencing assembly 'System.Data.SqlXml'.
	AssemblyResolver: Attempting referencing assembly's directory.
Resolved assembly reference 'System.Data.SqlXml' to 'C:\Windows\Microsoft.NET\Framework\v4.0.30319\System.Data.SqlXml.dll'. (Used referencing Module's directory.)
Location for referenced assembly 'Chaos.Portal' is 'C:\Users\JesperFyhr\Desktop\repositories\CHAOS.Portal.Authentication\src\app\CHAOS.Portal.Authentication\bin\Release\Chaos.Portal.dll'
	There were no errors reported in  Chaos.Portal's metadata.
Location for referenced assembly 'System.Xml.Linq' is 'C:\Windows\Microsoft.NET\Framework\v4.0.30319\System.Xml.Linq.dll'
	There were no errors reported in  System.Xml.Linq's metadata.
Location for referenced assembly 'mscorlib' is 'C:\Windows\Microsoft.NET\Framework\v4.0.30319\mscorlib.dll'
	There were no errors reported in  mscorlib's metadata.
Location for referenced assembly 'System.Core' is 'C:\Windows\Microsoft.NET\Framework\v4.0.30319\System.Core.dll'
	There were no errors reported in  System.Core's metadata.
Location for referenced assembly 'CHAOS' is 'C:\Users\JesperFyhr\Desktop\repositories\CHAOS.Portal.Authentication\src\app\CHAOS.Portal.Authentication\bin\Release\CHAOS.dll'
	There were no errors reported in  CHAOS's metadata.
Location for referenced assembly 'MySql.Data' is 'C:\WINDOWS\Microsoft.Net\assembly\GAC_MSIL\MySql.Data\v4.0_6.6.5.0__c5687fc88969c44d\MySql.Data.dll'
	There were no errors reported in  MySql.Data's metadata.
Location for referenced assembly 'System.Data' is 'C:\Windows\Microsoft.NET\Framework\v4.0.30319\System.Data.dll'
	There were no errors reported in  System.Data's metadata.
Location for referenced assembly 'System' is 'C:\Windows\Microsoft.NET\Framework\v4.0.30319\system.dll'
	There were no errors reported in  System's metadata.
Location for referenced assembly 'System.Xml' is 'C:\Windows\Microsoft.NET\Framework\v4.0.30319\System.Xml.dll'
	There were no errors reported in  System.Xml's metadata.
Location for referenced assembly 'System.Web' is 'C:\Windows\Microsoft.NET\Framework\v4.0.30319\System.Web.dll'
	There were no errors reported in  System.Web's metadata.
ILMerge: Done.
Set platform to 'v4', using directory 'C:\Windows\Microsoft.NET\Framework\v4.0.30319' for mscorlib.dll
Set platform to 'v2', using directory 'C:\Windows\Microsoft.NET\Framework\v4.0.30319' for mscorlib.dll
Running on Microsoft (R) .NET Framework v4.0.30319
mscorlib.dll version = 4.0.0.0
The list of input assemblies is:
	C:\Users\JesperFyhr\Desktop\repositories\CHAOS.Portal.Authentication\src\app\CHAOS.Portal.Authentication\bin\Release\Chaos.Portal.Authentication.dll
Trying to read assembly from the file 'C:\Users\JesperFyhr\Desktop\repositories\CHAOS.Portal.Authentication\src\app\CHAOS.Portal.Authentication\bin\Release\Chaos.Portal.Authentication.dll'.
	Successfully read in assembly.
	There were no errors reported in Chaos.Portal.Authentication's metadata.
Checking to see that all of the input assemblies have a compatible PeKind.
	Chaos.Portal.Authentication.PeKind = ILonly
All input assemblies have a compatible PeKind value.
AssemblyResolver: Assembly 'Chaos.Portal.Authentication' is referencing assembly 'Chaos.Portal'.
	AssemblyResolver: Attempting referencing assembly's directory.
Resolved assembly reference 'Chaos.Portal' to 'C:\Users\JesperFyhr\Desktop\repositories\CHAOS.Portal.Authentication\src\app\CHAOS.Portal.Authentication\bin\Release\Chaos.Portal.dll'. (Used referencing Module's directory.)
AssemblyResolver: Assembly 'Chaos.Portal.Authentication' is referencing assembly 'CHAOS'.
	AssemblyResolver: Attempting referencing assembly's directory.
Resolved assembly reference 'CHAOS' to 'C:\Users\JesperFyhr\Desktop\repositories\CHAOS.Portal.Authentication\src\app\CHAOS.Portal.Authentication\bin\Release\CHAOS.dll'. (Used referencing Module's directory.)
AssemblyResolver: Assembly 'Chaos.Portal.Authentication' is referencing assembly 'System.Data'.
	AssemblyResolver: Attempting referencing assembly's directory.
	AssemblyResolver: Did not find assembly in referencing assembly's directory.
	AssemblyResolver: Attempting input directory.
	AssemblyResolver: Did not find assembly in input directory.
	AssemblyResolver: Attempting user-supplied directories.
	AssemblyResolver: No user-supplied directories.
	AssemblyResolver: Attempting framework directory.
Resolved assembly reference 'System.Data' to 'C:\Windows\Microsoft.NET\Framework\v4.0.30319\System.Data.dll'. (Used framework directory.)
AssemblyResolver: Assembly 'Chaos.Portal.Authentication' is referencing assembly 'System.Xml'.
	AssemblyResolver: Attempting referencing assembly's directory.
	AssemblyResolver: Did not find assembly in referencing assembly's directory.
	AssemblyResolver: Attempting input directory.
	AssemblyResolver: Did not find assembly in input directory.
	AssemblyResolver: Attempting user-supplied directories.
	AssemblyResolver: No user-supplied directories.
	AssemblyResolver: Attempting framework directory.
Resolved assembly reference 'System.Xml' to 'C:\Windows\Microsoft.NET\Framework\v4.0.30319\System.Xml.dll'. (Used framework directory.)
AssemblyResolver: Assembly 'Chaos.Portal.Authentication' is referencing assembly 'System.Xml.Linq'.
	AssemblyResolver: Attempting referencing assembly's directory.
	AssemblyResolver: Did not find assembly in referencing assembly's directory.
	AssemblyResolver: Attempting input directory.
	AssemblyResolver: Did not find assembly in input directory.
	AssemblyResolver: Attempting user-supplied directories.
	AssemblyResolver: No user-supplied directories.
	AssemblyResolver: Attempting framework directory.
Resolved assembly reference 'System.Xml.Linq' to 'C:\Windows\Microsoft.NET\Framework\v4.0.30319\System.Xml.Linq.dll'. (Used framework directory.)
Using assembly 'Chaos.Portal.Authentication' for assembly-level attributes for the target assembly.
Merging assembly 'Chaos.Portal.Authentication' into target assembly.
Copying 1 Win32 Resources from assembly 'Chaos.Portal.Authentication' into target assembly.
	There were no errors reported in the target assembly's metadata.
ILMerge: Writing target assembly 'C:\Users\JesperFyhr\Desktop\repositories\CHAOS.Portal.Authentication\build\Chaos.Portal.Authentication.dll'.
AssemblyResolver: Assembly 'Chaos.Portal.Authentication' is referencing assembly 'System.Core'.
	AssemblyResolver: Attempting referencing assembly's directory.
	AssemblyResolver: Did not find assembly in referencing assembly's directory.
	AssemblyResolver: Attempting input directory.
	AssemblyResolver: Did not find assembly in input directory.
	AssemblyResolver: Attempting user-supplied directories.
	AssemblyResolver: No user-supplied directories.
	AssemblyResolver: Attempting framework directory.
Resolved assembly reference 'System.Core' to 'C:\Windows\Microsoft.NET\Framework\v4.0.30319\System.Core.dll'. (Used framework directory.)
AssemblyResolver: Assembly 'CHAOS' is referencing assembly 'MySql.Data'.
	AssemblyResolver: Attempting referencing assembly's directory.
	AssemblyResolver: Did not find assembly in referencing assembly's directory.
	AssemblyResolver: Attempting input directory.
	AssemblyResolver: Did not find assembly in input directory.
	AssemblyResolver: Attempting user-supplied directories.
	AssemblyResolver: No user-supplied directories.
	AssemblyResolver: Attempting framework directory.
	AssemblyResolver: Did not find assembly in framework directory.
AssemblyResolver: Unable to resolve reference. (It still might be found, e.g., in the GAC.)
AssemblyResolver: Assembly 'Chaos.Portal.Authentication' is referencing assembly 'System.Web'.
	AssemblyResolver: Attempting referencing assembly's directory.
	AssemblyResolver: Did not find assembly in referencing assembly's directory.
	AssemblyResolver: Attempting input directory.
	AssemblyResolver: Did not find assembly in input directory.
	AssemblyResolver: Attempting user-supplied directories.
	AssemblyResolver: No user-supplied directories.
	AssemblyResolver: Attempting framework directory.
Resolved assembly reference 'System.Web' to 'C:\Windows\Microsoft.NET\Framework\v4.0.30319\System.Web.dll'. (Used framework directory.)
AssemblyResolver: Assembly 'System.Xml' is referencing assembly 'System.Data.SqlXml'.
	AssemblyResolver: Attempting referencing assembly's directory.
Resolved assembly reference 'System.Data.SqlXml' to 'C:\Windows\Microsoft.NET\Framework\v4.0.30319\System.Data.SqlXml.dll'. (Used referencing Module's directory.)
Location for referenced assembly 'Chaos.Portal' is 'C:\Users\JesperFyhr\Desktop\repositories\CHAOS.Portal.Authentication\src\app\CHAOS.Portal.Authentication\bin\Release\Chaos.Portal.dll'
	There were no errors reported in  Chaos.Portal's metadata.
Location for referenced assembly 'System.Xml.Linq' is 'C:\Windows\Microsoft.NET\Framework\v4.0.30319\System.Xml.Linq.dll'
	There were no errors reported in  System.Xml.Linq's metadata.
Location for referenced assembly 'mscorlib' is 'C:\Windows\Microsoft.NET\Framework\v4.0.30319\mscorlib.dll'
	There were no errors reported in  mscorlib's metadata.
Location for referenced assembly 'System.Core' is 'C:\Windows\Microsoft.NET\Framework\v4.0.30319\System.Core.dll'
	There were no errors reported in  System.Core's metadata.
Location for referenced assembly 'CHAOS' is 'C:\Users\JesperFyhr\Desktop\repositories\CHAOS.Portal.Authentication\src\app\CHAOS.Portal.Authentication\bin\Release\CHAOS.dll'
	There were no errors reported in  CHAOS's metadata.
Location for referenced assembly 'MySql.Data' is 'C:\WINDOWS\Microsoft.Net\assembly\GAC_MSIL\MySql.Data\v4.0_6.6.5.0__c5687fc88969c44d\MySql.Data.dll'
	There were no errors reported in  MySql.Data's metadata.
Location for referenced assembly 'System.Data' is 'C:\Windows\Microsoft.NET\Framework\v4.0.30319\System.Data.dll'
	There were no errors reported in  System.Data's metadata.
Location for referenced assembly 'System' is 'C:\Windows\Microsoft.NET\Framework\v4.0.30319\system.dll'
	There were no errors reported in  System's metadata.
Location for referenced assembly 'System.Xml' is 'C:\Windows\Microsoft.NET\Framework\v4.0.30319\System.Xml.dll'
	There were no errors reported in  System.Xml's metadata.
Location for referenced assembly 'System.Web' is 'C:\Windows\Microsoft.NET\Framework\v4.0.30319\System.Web.dll'
	There were no errors reported in  System.Web's metadata.
ILMerge: Done.
Set platform to 'v4', using directory 'C:\Windows\Microsoft.NET\Framework\v4.0.30319' for mscorlib.dll
Set platform to 'v2', using directory 'C:\Windows\Microsoft.NET\Framework\v4.0.30319' for mscorlib.dll
Running on Microsoft (R) .NET Framework v4.0.30319
mscorlib.dll version = 4.0.0.0
The list of input assemblies is:
	C:\Users\JesperFyhr\Desktop\repositories\CHAOS.Portal.Authentication\src\app\CHAOS.Portal.Authentication\bin\Release\Chaos.Portal.Authentication.dll
Trying to read assembly from the file 'C:\Users\JesperFyhr\Desktop\repositories\CHAOS.Portal.Authentication\src\app\CHAOS.Portal.Authentication\bin\Release\Chaos.Portal.Authentication.dll'.
	Successfully read in assembly.
	There were no errors reported in Chaos.Portal.Authentication's metadata.
Checking to see that all of the input assemblies have a compatible PeKind.
	Chaos.Portal.Authentication.PeKind = ILonly
All input assemblies have a compatible PeKind value.
AssemblyResolver: Assembly 'Chaos.Portal.Authentication' is referencing assembly 'Chaos.Portal'.
	AssemblyResolver: Attempting referencing assembly's directory.
Resolved assembly reference 'Chaos.Portal' to 'C:\Users\JesperFyhr\Desktop\repositories\CHAOS.Portal.Authentication\src\app\CHAOS.Portal.Authentication\bin\Release\Chaos.Portal.dll'. (Used referencing Module's directory.)
AssemblyResolver: Assembly 'Chaos.Portal.Authentication' is referencing assembly 'CHAOS'.
	AssemblyResolver: Attempting referencing assembly's directory.
Resolved assembly reference 'CHAOS' to 'C:\Users\JesperFyhr\Desktop\repositories\CHAOS.Portal.Authentication\src\app\CHAOS.Portal.Authentication\bin\Release\CHAOS.dll'. (Used referencing Module's directory.)
AssemblyResolver: Assembly 'Chaos.Portal.Authentication' is referencing assembly 'System.Data'.
	AssemblyResolver: Attempting referencing assembly's directory.
	AssemblyResolver: Did not find assembly in referencing assembly's directory.
	AssemblyResolver: Attempting input directory.
	AssemblyResolver: Did not find assembly in input directory.
	AssemblyResolver: Attempting user-supplied directories.
	AssemblyResolver: No user-supplied directories.
	AssemblyResolver: Attempting framework directory.
Resolved assembly reference 'System.Data' to 'C:\Windows\Microsoft.NET\Framework\v4.0.30319\System.Data.dll'. (Used framework directory.)
AssemblyResolver: Assembly 'Chaos.Portal.Authentication' is referencing assembly 'System.Xml'.
	AssemblyResolver: Attempting referencing assembly's directory.
	AssemblyResolver: Did not find assembly in referencing assembly's directory.
	AssemblyResolver: Attempting input directory.
	AssemblyResolver: Did not find assembly in input directory.
	AssemblyResolver: Attempting user-supplied directories.
	AssemblyResolver: No user-supplied directories.
	AssemblyResolver: Attempting framework directory.
Resolved assembly reference 'System.Xml' to 'C:\Windows\Microsoft.NET\Framework\v4.0.30319\System.Xml.dll'. (Used framework directory.)
AssemblyResolver: Assembly 'Chaos.Portal.Authentication' is referencing assembly 'System.Xml.Linq'.
	AssemblyResolver: Attempting referencing assembly's directory.
	AssemblyResolver: Did not find assembly in referencing assembly's directory.
	AssemblyResolver: Attempting input directory.
	AssemblyResolver: Did not find assembly in input directory.
	AssemblyResolver: Attempting user-supplied directories.
	AssemblyResolver: No user-supplied directories.
	AssemblyResolver: Attempting framework directory.
Resolved assembly reference 'System.Xml.Linq' to 'C:\Windows\Microsoft.NET\Framework\v4.0.30319\System.Xml.Linq.dll'. (Used framework directory.)
Using assembly 'Chaos.Portal.Authentication' for assembly-level attributes for the target assembly.
Merging assembly 'Chaos.Portal.Authentication' into target assembly.
Copying 1 Win32 Resources from assembly 'Chaos.Portal.Authentication' into target assembly.
	There were no errors reported in the target assembly's metadata.
ILMerge: Writing target assembly 'C:\Users\JesperFyhr\Desktop\repositories\CHAOS.Portal.Authentication\build\Chaos.Portal.Authentication.dll'.
AssemblyResolver: Assembly 'Chaos.Portal.Authentication' is referencing assembly 'System.Core'.
	AssemblyResolver: Attempting referencing assembly's directory.
	AssemblyResolver: Did not find assembly in referencing assembly's directory.
	AssemblyResolver: Attempting input directory.
	AssemblyResolver: Did not find assembly in input directory.
	AssemblyResolver: Attempting user-supplied directories.
	AssemblyResolver: No user-supplied directories.
	AssemblyResolver: Attempting framework directory.
Resolved assembly reference 'System.Core' to 'C:\Windows\Microsoft.NET\Framework\v4.0.30319\System.Core.dll'. (Used framework directory.)
AssemblyResolver: Assembly 'CHAOS' is referencing assembly 'MySql.Data'.
	AssemblyResolver: Attempting referencing assembly's directory.
	AssemblyResolver: Did not find assembly in referencing assembly's directory.
	AssemblyResolver: Attempting input directory.
	AssemblyResolver: Did not find assembly in input directory.
	AssemblyResolver: Attempting user-supplied directories.
	AssemblyResolver: No user-supplied directories.
	AssemblyResolver: Attempting framework directory.
	AssemblyResolver: Did not find assembly in framework directory.
AssemblyResolver: Unable to resolve reference. (It still might be found, e.g., in the GAC.)
AssemblyResolver: Assembly 'Chaos.Portal.Authentication' is referencing assembly 'System.Web'.
	AssemblyResolver: Attempting referencing assembly's directory.
	AssemblyResolver: Did not find assembly in referencing assembly's directory.
	AssemblyResolver: Attempting input directory.
	AssemblyResolver: Did not find assembly in input directory.
	AssemblyResolver: Attempting user-supplied directories.
	AssemblyResolver: No user-supplied directories.
	AssemblyResolver: Attempting framework directory.
Resolved assembly reference 'System.Web' to 'C:\Windows\Microsoft.NET\Framework\v4.0.30319\System.Web.dll'. (Used framework directory.)
AssemblyResolver: Assembly 'System.Xml' is referencing assembly 'System.Data.SqlXml'.
	AssemblyResolver: Attempting referencing assembly's directory.
Resolved assembly reference 'System.Data.SqlXml' to 'C:\Windows\Microsoft.NET\Framework\v4.0.30319\System.Data.SqlXml.dll'. (Used referencing Module's directory.)
Location for referenced assembly 'Chaos.Portal' is 'C:\Users\JesperFyhr\Desktop\repositories\CHAOS.Portal.Authentication\src\app\CHAOS.Portal.Authentication\bin\Release\Chaos.Portal.dll'
	There were no errors reported in  Chaos.Portal's metadata.
Location for referenced assembly 'System.Xml.Linq' is 'C:\Windows\Microsoft.NET\Framework\v4.0.30319\System.Xml.Linq.dll'
	There were no errors reported in  System.Xml.Linq's metadata.
Location for referenced assembly 'mscorlib' is 'C:\Windows\Microsoft.NET\Framework\v4.0.30319\mscorlib.dll'
	There were no errors reported in  mscorlib's metadata.
Location for referenced assembly 'System.Core' is 'C:\Windows\Microsoft.NET\Framework\v4.0.30319\System.Core.dll'
	There were no errors reported in  System.Core's metadata.
Location for referenced assembly 'CHAOS' is 'C:\Users\JesperFyhr\Desktop\repositories\CHAOS.Portal.Authentication\src\app\CHAOS.Portal.Authentication\bin\Release\CHAOS.dll'
	There were no errors reported in  CHAOS's metadata.
Location for referenced assembly 'MySql.Data' is 'C:\WINDOWS\Microsoft.Net\assembly\GAC_MSIL\MySql.Data\v4.0_6.6.5.0__c5687fc88969c44d\MySql.Data.dll'
	There were no errors reported in  MySql.Data's metadata.
Location for referenced assembly 'System.Data' is 'C:\Windows\Microsoft.NET\Framework\v4.0.30319\System.Data.dll'
	There were no errors reported in  System.Data's metadata.
Location for referenced assembly 'System' is 'C:\Windows\Microsoft.NET\Framework\v4.0.30319\system.dll'
	There were no errors reported in  System's metadata.
Location for referenced assembly 'System.Xml' is 'C:\Windows\Microsoft.NET\Framework\v4.0.30319\System.Xml.dll'
	There were no errors reported in  System.Xml's metadata.
Location for referenced assembly 'System.Web' is 'C:\Windows\Microsoft.NET\Framework\v4.0.30319\System.Web.dll'
	There were no errors reported in  System.Web's metadata.
ILMerge: Done.
